
****************************************************************
****************************************************************
**                                                            **
**                                                            **
**        CCC     OO      SSS    M    M     OO      SSS       **
**       C       O  O    S       MM  MM    O  O    S          **
**       C       O  O     SS     M MM M    O  O     SS        **
**       C       O  O       S    M    M    O  O       S       **
**        CCC     OO     SSS     M    M     OO     SSS        **
**                                                            **
**                                                            **
**                   Simulations  V2021-B3                    **
**                 Simulation Premium Package                 **
**           Distributed By: SOLIDWORKS Corporation           **
**               6320 Canoga Avenue, Suite 300                **
**               Woodland Hills, California 91367             **
**               Telephone Number (818)673-2200               **
**         Copyright 1988-2018 SOLIDWORKS Corporation         **
**                                                            **
****************************************************************
****************************************************************

Problem name: \\file\Usersg$\gal65\Home\My Documents\~
Date        : 05/10/2023     Time:   20:29:03


 SYSTEM OF UNITS:
 International System of Units, SI, is used for all input/output data.
 Common Quantities:
 Length:meter, Mass:kilogram, Time:second, Temperature:kelvin
 Force:newton, Pressure also stress:pascal, Energy:joule, Power:watt

 NUMBER OF PHYSICAL CORES USED TO RUN SIMULATION:  8

  C O N T R O L  I N F O R M A T I O N                  

   CURRENT RESTRAINT SET . . . . . . . . . . . (BC_SET)  =           1

   NUMBER OF LOAD CASES  . . . . . . . . . . . (NLCASE)  =           1
   SOLUTION MODE . . . . . . . . . . . . . . . (MODEX)   =           0
      EQ. 0, STATIC ANALYSIS                              
      EQ. 1, BUCKLING ANALYSIS                            
      EQ. 2, DYNAMIC ANALYSIS                             
      EQ. 3, DROP TEST                                    

   SOLVER TYPE . . . . . . . . . . . . . . . . .(ISOL)   =           2
      EQ. 0, DIRECT SPARSE SOLVER                         
      EQ. 1, DIRECT SKYLINE SOLVER                        
      EQ. 2, ITERATIVE SOLVER                             
      EQ. 3, EXPLICIT INTEGRATION                         
      EQ. 4, LARGE PROBLEM DIRECT SPARSE SOLVER           
      EQ. 5, INTEL DIRECT SPARSE SOLVER                   
      EQ. 6, INTEL NETWORK SPARSE SOLVER                  

   ITERATIVE SOLUTION MODE . . . . . . . . . . (IMODE)   =           1
      EQ. 1, GENERAL                                      
      EQ. 2, MEMORY SAVER (FOR TETRA10)                   
      EQ. 3, ULTRA-MEMORY SAVER (FOR TETRA10)             

   SOLVER CONVERGENCE TOLERANCE  . . . . . . . (CONVR)   =   0.100E-03

   THERMAL LOADING FLAG . . . . . . . . . . . .(ITHERM)  =           0
      EQ. 0, NO THERMAL EFFECTS CONSIDERED                
      EQ. 1, ADD TEMPERATURE EFFECT                       
   GRAVITY LOADING FLAG . . . . . . . . . . . .(IGRAV)   =           0
      EQ. 0, NO GRAVITY LOADING CONSIDERED                
      EQ. 1, ADD GRAVITY LOADING EFFECT                   
   CENTRIFUGAL LOADING FLAG . . . . . . . . . .(ICNTRF)  =           0
      EQ. 0, NO CENTRIFUGAL LOADING CONSIDERED            
      EQ. 1, ADD CENTRIFUGAL LOADING EFFECT               
   IN-PLANE STIFFENING FLAG . . . . . . . . . .(INPLN)   =           0
      EQ. 0, NO IN-PLANE EFFECTS CONSIDERED               
      EQ. 1, IN-PLANE EFFECTS CONSIDERED                  
   SOFT SPRING ADDITION FLAG . . . . . . . . . (ISOFT)   =           0
      EQ. 0, NO SOFT SPRING OPTION                        
      EQ. 1, SOFT SPRING ADDED                            

   SAVE DECOMPOSED STIFFNESS MATRIX FLAG . . . (ISAVK)   =           0
      EQ. 0, DO NOT SAVE DECOMPOSED K                     
      EQ. 1, SAVE DECOMPOSED K                            
   FORM STIFFNESS MATRIX FLAG . . . . . . . . .(IFORMK)  =           0
      EQ. 0, FORM STIFFNESS MATRIX                        
      EQ. 1, USE EXISTING DECOMPOSED STIFFNESS MATRIX     

   SPIN SOFTENING FLAG . . . . . . . . . . . . (ISPIN)   =           0
      EQ. 0, NO SPIN SOFTENING EFFECTS CONSIDERED         
      EQ. 1, SPIN SOFTENING EFFECTS CONSIDERED            
   INERTIA RELIEF FLAG  . . . . . . . . . . . .(IFORMK)  =           0
      EQ. 0, NO INERITA RELIEF EFFECTS CONSIDERED         
      EQ. 1, INERITA RELIEF EFFECTS CONSIDERED            
   RIGID CONNECTIONS FLAG  . . . . . . . . . . (IRIGID)  =           0
      EQ. 0, HINGE CONNECTIONS BETWEEN SOLIDS & SHELLS    
      EQ. 1, RIGID CONNECTIONS BETWEEN SOLIDS & SHELLS    


  T O T A L  S Y S T E M  D A T A                        
   NUMBER OF EQUATIONS . . . . . . . . . . . . . .(NEQ)  =      123600
   NUMBER OF ELEMENTS. . . . . . . . . . . . . . .(NUME) =       26118
   NUMBER OF NODAL POINTS. . . . . . . . . . . . .(NUMNP)=       42406




************************************************************************
    D I S P L A C E M E N T     P R I N T O U T    (LOAD CASE     1)
************************************************************************




************************************************************************
    D I S P L A C E M E N T     P R I N T O U T    (LOAD CASE     1)
************************************************************************


  STATUS OF THERMAL EFFECTS FOR THIS LOAD CASE:
  ---------------------------------------------

    - Thermal flag is off (no thermal effect)



  S O L U T I O N   T I M E   L O G   I N   S E C
            FOR PROBLEM
     TIME FOR INPUT PHASE  . . . . . . . . . . . . . . =       1
     TIME FOR CALCULATION OF STRUCTURE STIFFNESS MATRIX=       0
     TIME FOR FFEPLUS (PCG ITERATIVE) SOLVER . . . . . =      14

     TIME FOR AL CONTACT (AND/OR LRG DISP) OPERATIONS (Prep) . . .=      40
     ***** ITERATION NUMBER ***** . . . . . . . . =       1
     TIME FOR AL CONTACT (AND/OR LRG DISP) OPERATIONS (Multiplier)=       0
     TIME FOR CALCULATION OF STRUCTURE STIFFNESS MATRIX . . . . . =     830
     TIME FOR FFEPLUS (PCG ITERATIVE) SOLVER . . . . . . . . . . .=   13771
     TIME FOR AL CONTACT (AND/OR LRG DISP) OPERATIONS (Convrg chk)=       0

     ***** ITERATION NUMBER ***** . . . . . . . . =       2
     TIME FOR AL CONTACT (AND/OR LRG DISP) OPERATIONS (Multiplier)=       0
     TIME FOR CALCULATION OF STRUCTURE STIFFNESS MATRIX . . . . . =     840
     TIME FOR FFEPLUS (PCG ITERATIVE) SOLVER . . . . . . . . . . .=   14269
     TIME FOR AL CONTACT (AND/OR LRG DISP) OPERATIONS (Convrg chk)=       0



   LOAD FACTOR =   0.1000E+01
   ***************************


             D I S P L A C E M E N T S

     NODE X-DISPL.     Y-DISPL.     Z-DISPL.     XX-ROT.      YY-ROT.      ZZ-ROT.


 MINIMUM/MAXIMUM DISPLACEMENTS

  NODE      7168          826         6946            0            0            0
  MIN.  -2.98625E-04 -3.05268E-04 -7.27267E-06   0.0000       0.0000       0.0000    

  NODE       513          469           31            0            0            0
  MAX.   2.97682E-04  3.06021E-04  6.91882E-06   0.0000       0.0000       0.0000    

 MAXIMUM RESULTANT DISPLACEMENT

  NODE       508
  MAX.   3.06114E-04


         R E A C T I O N   F O R C E

  TOTAL   CSYS         FX             FY             FZ
           0       0.1012E-03     0.5911E-04     -.1371E-03

 TOTAL STRAIN ENERGY. . . . . . . . . . . =  0.379521E-03



********************************************************************************
 MAXIMUM NODAL VON MISES STRESS & ERROR ESTIMATE FOR LOAD CASE   1
********************************************************************************

  NODE     16682
  MAX.     0.14408E+07



   E R R O R    E S T I M A T I O N
   (for requested elements)

   Total Strain Energy (TSE)        =  0.379521E-03
   Total Error Energy (TEE)         =  0.239094E-04
   Ave. Percentage Error (APE)      =  0.174750E+02
     ( APE =  sqrt (TEE/(TSE*2. + TEE)) * 100. )
     TIME FOR AL CONTACT (AND/OR LRG DISP) OPERATIONS (Results) . =   13150


  S O L U T I O N   T I M E   L O G   I N   S E C
            FOR PROBLEM
     TIME FOR INPUT PHASE  . . . . . . . . . . . . . . =       1
     TIME FOR CALCULATION OF STRUCTURE STIFFNESS MATRIX=       2
     TIME FOR FFEPLUS (PCG ITERATIVE) SOLVER . . . . . =      42
     TIME FOR AL CONTACT (AND/OR LARGE DISP) OPERATIONS=      13
     TIME FOR REACTION FORCE & DISP UPDATE TO POST . . =       0
     TIME FOR STRESS CALCULATION . . . . . . . . . . . =       0
     TIME FOR LOAD CASE SOLUTIONS  . . . . . . . . . . =       0
      T O T A L   S O L U T I O N   T I M E  . . . . . =      59



T O T A L   S O L U T I O N   T I M E (sec) . . . . =      59
