
****************************************************************
****************************************************************
**                                                            **
**                                                            **
**        CCC     OO      SSS    M    M     OO      SSS       **
**       C       O  O    S       MM  MM    O  O    S          **
**       C       O  O     SS     M MM M    O  O     SS        **
**       C       O  O       S    M    M    O  O       S       **
**        CCC     OO     SSS     M    M     OO     SSS        **
**                                                            **
**                                                            **
**                   Simulations  V2021-B3                    **
**                 Simulation Premium Package                 **
**           Distributed By: SOLIDWORKS Corporation           **
**               6320 Canoga Avenue, Suite 300                **
**               Woodland Hills, California 91367             **
**               Telephone Number (818)673-2200               **
**         Copyright 1988-2018 SOLIDWORKS Corporation         **
**                                                            **
****************************************************************
****************************************************************

Problem name: \\file\Usersg$\gal65\Home\My Documents\~
Date        : 05/04/2023     Time:   17:14:30


 SYSTEM OF UNITS:
 International System of Units, SI, is used for all input/output data.
 Common Quantities:
 Length:meter, Mass:kilogram, Time:second, Temperature:kelvin
 Force:newton, Pressure also stress:pascal, Energy:joule, Power:watt

 NUMBER OF PHYSICAL CORES USED TO RUN SIMULATION:  8

  C O N T R O L  I N F O R M A T I O N                  

   CURRENT RESTRAINT SET . . . . . . . . . . . (BC_SET)  =           1

   NUMBER OF LOAD CASES  . . . . . . . . . . . (NLCASE)  =           1
   SOLUTION MODE . . . . . . . . . . . . . . . (MODEX)   =           0
      EQ. 0, STATIC ANALYSIS                              
      EQ. 1, BUCKLING ANALYSIS                            
      EQ. 2, DYNAMIC ANALYSIS                             
      EQ. 3, DROP TEST                                    

   SOLVER TYPE . . . . . . . . . . . . . . . . .(ISOL)   =           2
      EQ. 0, DIRECT SPARSE SOLVER                         
      EQ. 1, DIRECT SKYLINE SOLVER                        
      EQ. 2, ITERATIVE SOLVER                             
      EQ. 3, EXPLICIT INTEGRATION                         
      EQ. 4, LARGE PROBLEM DIRECT SPARSE SOLVER           
      EQ. 5, INTEL DIRECT SPARSE SOLVER                   
      EQ. 6, INTEL NETWORK SPARSE SOLVER                  

   ITERATIVE SOLUTION MODE . . . . . . . . . . (IMODE)   =           1
      EQ. 1, GENERAL                                      
      EQ. 2, MEMORY SAVER (FOR TETRA10)                   
      EQ. 3, ULTRA-MEMORY SAVER (FOR TETRA10)             

   SOLVER CONVERGENCE TOLERANCE  . . . . . . . (CONVR)   =   0.100E-03

   THERMAL LOADING FLAG . . . . . . . . . . . .(ITHERM)  =           0
      EQ. 0, NO THERMAL EFFECTS CONSIDERED                
      EQ. 1, ADD TEMPERATURE EFFECT                       
   GRAVITY LOADING FLAG . . . . . . . . . . . .(IGRAV)   =           0
      EQ. 0, NO GRAVITY LOADING CONSIDERED                
      EQ. 1, ADD GRAVITY LOADING EFFECT                   
   CENTRIFUGAL LOADING FLAG . . . . . . . . . .(ICNTRF)  =           0
      EQ. 0, NO CENTRIFUGAL LOADING CONSIDERED            
      EQ. 1, ADD CENTRIFUGAL LOADING EFFECT               
   IN-PLANE STIFFENING FLAG . . . . . . . . . .(INPLN)   =           0
      EQ. 0, NO IN-PLANE EFFECTS CONSIDERED               
      EQ. 1, IN-PLANE EFFECTS CONSIDERED                  
   SOFT SPRING ADDITION FLAG . . . . . . . . . (ISOFT)   =           0
      EQ. 0, NO SOFT SPRING OPTION                        
      EQ. 1, SOFT SPRING ADDED                            

   SAVE DECOMPOSED STIFFNESS MATRIX FLAG . . . (ISAVK)   =           0
      EQ. 0, DO NOT SAVE DECOMPOSED K                     
      EQ. 1, SAVE DECOMPOSED K                            
   FORM STIFFNESS MATRIX FLAG . . . . . . . . .(IFORMK)  =           0
      EQ. 0, FORM STIFFNESS MATRIX                        
      EQ. 1, USE EXISTING DECOMPOSED STIFFNESS MATRIX     

   SPIN SOFTENING FLAG . . . . . . . . . . . . (ISPIN)   =           0
      EQ. 0, NO SPIN SOFTENING EFFECTS CONSIDERED         
      EQ. 1, SPIN SOFTENING EFFECTS CONSIDERED            
   INERTIA RELIEF FLAG  . . . . . . . . . . . .(IFORMK)  =           0
      EQ. 0, NO INERITA RELIEF EFFECTS CONSIDERED         
      EQ. 1, INERITA RELIEF EFFECTS CONSIDERED            
   RIGID CONNECTIONS FLAG  . . . . . . . . . . (IRIGID)  =           0
      EQ. 0, HINGE CONNECTIONS BETWEEN SOLIDS & SHELLS    
      EQ. 1, RIGID CONNECTIONS BETWEEN SOLIDS & SHELLS    


  T O T A L  S Y S T E M  D A T A                        
   NUMBER OF EQUATIONS . . . . . . . . . . . . . .(NEQ)  =      147921
   NUMBER OF ELEMENTS. . . . . . . . . . . . . . .(NUME) =       31386
   NUMBER OF NODAL POINTS. . . . . . . . . . . . .(NUMNP)=       50323




************************************************************************
    D I S P L A C E M E N T     P R I N T O U T    (LOAD CASE     1)
************************************************************************




************************************************************************
    D I S P L A C E M E N T     P R I N T O U T    (LOAD CASE     1)
************************************************************************


  STATUS OF THERMAL EFFECTS FOR THIS LOAD CASE:
  ---------------------------------------------

    - Thermal flag is off (no thermal effect)



  S O L U T I O N   T I M E   L O G   I N   S E C
            FOR PROBLEM
     TIME FOR INPUT PHASE  . . . . . . . . . . . . . . =       1
     TIME FOR CALCULATION OF STRUCTURE STIFFNESS MATRIX=       0
     TIME FOR FFEPLUS (PCG ITERATIVE) SOLVER . . . . . =      18

     TIME FOR AL CONTACT (AND/OR LRG DISP) OPERATIONS (Prep) . . .=      40
     ***** ITERATION NUMBER ***** . . . . . . . . =       1
     TIME FOR AL CONTACT (AND/OR LRG DISP) OPERATIONS (Multiplier)=       0
     TIME FOR CALCULATION OF STRUCTURE STIFFNESS MATRIX . . . . . =    1006
     TIME FOR FFEPLUS (PCG ITERATIVE) SOLVER . . . . . . . . . . .=   16455
     TIME FOR AL CONTACT (AND/OR LRG DISP) OPERATIONS (Convrg chk)=       0

     ***** ITERATION NUMBER ***** . . . . . . . . =       2
     TIME FOR AL CONTACT (AND/OR LRG DISP) OPERATIONS (Multiplier)=       0
     TIME FOR CALCULATION OF STRUCTURE STIFFNESS MATRIX . . . . . =    1000
     TIME FOR FFEPLUS (PCG ITERATIVE) SOLVER . . . . . . . . . . .=   16760
     TIME FOR AL CONTACT (AND/OR LRG DISP) OPERATIONS (Convrg chk)=       0

     ***** ITERATION NUMBER ***** . . . . . . . . =       3
     TIME FOR AL CONTACT (AND/OR LRG DISP) OPERATIONS (Multiplier)=       0
     TIME FOR CALCULATION OF STRUCTURE STIFFNESS MATRIX . . . . . =    1000
     TIME FOR FFEPLUS (PCG ITERATIVE) SOLVER . . . . . . . . . . .=   17000
     TIME FOR AL CONTACT (AND/OR LRG DISP) OPERATIONS (Convrg chk)=       0



   LOAD FACTOR =   0.2000E+00
   ***************************


             D I S P L A C E M E N T S

     NODE X-DISPL.     Y-DISPL.     Z-DISPL.     XX-ROT.      YY-ROT.      ZZ-ROT.


 MINIMUM/MAXIMUM DISPLACEMENTS

  NODE      7910         7907           29            0            0            0
  MIN.  -1.06518E-03 -1.08221E-03 -2.62689E-05   0.0000       0.0000       0.0000    

  NODE      7905        11787           31            0            0            0
  MAX.   1.05955E-03  1.08408E-03  2.63429E-05   0.0000       0.0000       0.0000    

 MAXIMUM RESULTANT DISPLACEMENT

  NODE      8243
  MAX.   1.08455E-03


         R E A C T I O N   F O R C E

  TOTAL   CSYS         FX             FY             FZ
           0       -.9962E-04     0.1834E-03     -.3513E-03

 TOTAL STRAIN ENERGY. . . . . . . . . . . =  0.231674E-02



********************************************************************************
 MAXIMUM NODAL VON MISES STRESS & ERROR ESTIMATE FOR LOAD CASE   1
********************************************************************************

  NODE     18880
  MAX.     0.25003E+07
     TIME FOR AL CONTACT (AND/OR LRG DISP) OPERATIONS (Results) . =   13110

     TIME FOR AL CONTACT (AND/OR LRG DISP) OPERATIONS (Prep) . . .=       0
     TIME FOR AL CONTACT (AND/OR LRG DISP) OPERATIONS (Multiplier)=       0
     TIME FOR CALCULATION OF STRUCTURE STIFFNESS MATRIX . . . . . =    1005
     TIME FOR FFEPLUS (PCG ITERATIVE) SOLVER . . . . . . . . . . .=   16425
     TIME FOR AL CONTACT (AND/OR LRG DISP) OPERATIONS (Convrg chk)=       0

     ***** ITERATION NUMBER ***** . . . . . . . . =       1
     TIME FOR AL CONTACT (AND/OR LRG DISP) OPERATIONS (Multiplier)=       0
     TIME FOR CALCULATION OF STRUCTURE STIFFNESS MATRIX . . . . . =    1020
     TIME FOR FFEPLUS (PCG ITERATIVE) SOLVER . . . . . . . . . . .=   15670
     TIME FOR AL CONTACT (AND/OR LRG DISP) OPERATIONS (Convrg chk)=       0

     ***** ITERATION NUMBER ***** . . . . . . . . =       2
     TIME FOR AL CONTACT (AND/OR LRG DISP) OPERATIONS (Multiplier)=       0
     TIME FOR CALCULATION OF STRUCTURE STIFFNESS MATRIX . . . . . =    1020
     TIME FOR FFEPLUS (PCG ITERATIVE) SOLVER . . . . . . . . . . .=   16900
     TIME FOR AL CONTACT (AND/OR LRG DISP) OPERATIONS (Convrg chk)=       0

     ***** ITERATION NUMBER ***** . . . . . . . . =       3
     TIME FOR AL CONTACT (AND/OR LRG DISP) OPERATIONS (Multiplier)=       0
     TIME FOR CALCULATION OF STRUCTURE STIFFNESS MATRIX . . . . . =    1023
     TIME FOR FFEPLUS (PCG ITERATIVE) SOLVER . . . . . . . . . . .=   17307
     TIME FOR AL CONTACT (AND/OR LRG DISP) OPERATIONS (Convrg chk)=       0

     ***** ITERATION NUMBER ***** . . . . . . . . =       4
     TIME FOR AL CONTACT (AND/OR LRG DISP) OPERATIONS (Multiplier)=       0
     TIME FOR CALCULATION OF STRUCTURE STIFFNESS MATRIX . . . . . =    1010
     TIME FOR FFEPLUS (PCG ITERATIVE) SOLVER . . . . . . . . . . .=   15770
     TIME FOR AL CONTACT (AND/OR LRG DISP) OPERATIONS (Convrg chk)=       0



   LOAD FACTOR =   0.5625E+00
   ***************************


             D I S P L A C E M E N T S

     NODE X-DISPL.     Y-DISPL.     Z-DISPL.     XX-ROT.      YY-ROT.      ZZ-ROT.


 MINIMUM/MAXIMUM DISPLACEMENTS

  NODE      7885         7906           29            0            0            0
  MIN.  -2.97192E-03 -3.02155E-03 -7.49243E-05   0.0000       0.0000       0.0000    

  NODE      8253          855           31            0            0            0
  MAX.   2.95652E-03  3.02796E-03  7.50726E-05   0.0000       0.0000       0.0000    

 MAXIMUM RESULTANT DISPLACEMENT

  NODE      8243
  MAX.   3.02863E-03


         R E A C T I O N   F O R C E

  TOTAL   CSYS         FX             FY             FZ
           0       0.9387E-04     0.3667E-04     -.9553E-04

 TOTAL STRAIN ENERGY. . . . . . . . . . . =  0.180647E-01



********************************************************************************
 MAXIMUM NODAL VON MISES STRESS & ERROR ESTIMATE FOR LOAD CASE   1
********************************************************************************

  NODE     19090
  MAX.     0.69074E+07
     TIME FOR AL CONTACT (AND/OR LRG DISP) OPERATIONS (Results) . =    1410

     TIME FOR AL CONTACT (AND/OR LRG DISP) OPERATIONS (Prep) . . .=       0
     TIME FOR AL CONTACT (AND/OR LRG DISP) OPERATIONS (Multiplier)=       0
     TIME FOR CALCULATION OF STRUCTURE STIFFNESS MATRIX . . . . . =    1001
     TIME FOR FFEPLUS (PCG ITERATIVE) SOLVER . . . . . . . . . . .=   17619
     TIME FOR AL CONTACT (AND/OR LRG DISP) OPERATIONS (Convrg chk)=      10

     ***** ITERATION NUMBER ***** . . . . . . . . =       1
     TIME FOR AL CONTACT (AND/OR LRG DISP) OPERATIONS (Multiplier)=       0
     TIME FOR CALCULATION OF STRUCTURE STIFFNESS MATRIX . . . . . =    1025
     TIME FOR FFEPLUS (PCG ITERATIVE) SOLVER . . . . . . . . . . .=   16395
     TIME FOR AL CONTACT (AND/OR LRG DISP) OPERATIONS (Convrg chk)=       0

     ***** ITERATION NUMBER ***** . . . . . . . . =       2
     TIME FOR AL CONTACT (AND/OR LRG DISP) OPERATIONS (Multiplier)=       0
     TIME FOR CALCULATION OF STRUCTURE STIFFNESS MATRIX . . . . . =    1010
     TIME FOR FFEPLUS (PCG ITERATIVE) SOLVER . . . . . . . . . . .=   18850
     TIME FOR AL CONTACT (AND/OR LRG DISP) OPERATIONS (Convrg chk)=       4

     ***** ITERATION NUMBER ***** . . . . . . . . =       3
     TIME FOR AL CONTACT (AND/OR LRG DISP) OPERATIONS (Multiplier)=       0
     TIME FOR CALCULATION OF STRUCTURE STIFFNESS MATRIX . . . . . =    1040
     TIME FOR FFEPLUS (PCG ITERATIVE) SOLVER . . . . . . . . . . .=   17526
     TIME FOR AL CONTACT (AND/OR LRG DISP) OPERATIONS (Convrg chk)=       0

     ***** ITERATION NUMBER ***** . . . . . . . . =       4
     TIME FOR AL CONTACT (AND/OR LRG DISP) OPERATIONS (Multiplier)=       0
     TIME FOR CALCULATION OF STRUCTURE STIFFNESS MATRIX . . . . . =    1016
     TIME FOR FFEPLUS (PCG ITERATIVE) SOLVER . . . . . . . . . . .=   16374
     TIME FOR AL CONTACT (AND/OR LRG DISP) OPERATIONS (Convrg chk)=       0



   LOAD FACTOR =   0.9251E+00
   ***************************


             D I S P L A C E M E N T S

     NODE X-DISPL.     Y-DISPL.     Z-DISPL.     XX-ROT.      YY-ROT.      ZZ-ROT.


 MINIMUM/MAXIMUM DISPLACEMENTS

  NODE       498        12313           29            0            0            0
  MIN.  -4.82276E-03 -4.91019E-03 -1.23882E-04   0.0000       0.0000       0.0000    

  NODE      1981        11761           31            0            0            0
  MAX.   4.79641E-03  4.92362E-03  1.24060E-04   0.0000       0.0000       0.0000    

 MAXIMUM RESULTANT DISPLACEMENT

  NODE      8243
  MAX.   4.92421E-03


         R E A C T I O N   F O R C E

  TOTAL   CSYS         FX             FY             FZ
           0       -.1511E-01     -.3604E-02     0.3421E-01

 TOTAL STRAIN ENERGY. . . . . . . . . . . =  0.475876E-01



********************************************************************************
 MAXIMUM NODAL VON MISES STRESS & ERROR ESTIMATE FOR LOAD CASE   1
********************************************************************************

  NODE     19090
  MAX.     0.11234E+08
     TIME FOR AL CONTACT (AND/OR LRG DISP) OPERATIONS (Results) . =    1320

     TIME FOR AL CONTACT (AND/OR LRG DISP) OPERATIONS (Prep) . . .=       0
     TIME FOR AL CONTACT (AND/OR LRG DISP) OPERATIONS (Multiplier)=       0
     TIME FOR CALCULATION OF STRUCTURE STIFFNESS MATRIX . . . . . =    1020
     TIME FOR FFEPLUS (PCG ITERATIVE) SOLVER . . . . . . . . . . .=   16500
     TIME FOR AL CONTACT (AND/OR LRG DISP) OPERATIONS (Convrg chk)=       0

     ***** ITERATION NUMBER ***** . . . . . . . . =       1
     TIME FOR AL CONTACT (AND/OR LRG DISP) OPERATIONS (Multiplier)=       0
     TIME FOR CALCULATION OF STRUCTURE STIFFNESS MATRIX . . . . . =    1020
     TIME FOR FFEPLUS (PCG ITERATIVE) SOLVER . . . . . . . . . . .=   15530
     TIME FOR AL CONTACT (AND/OR LRG DISP) OPERATIONS (Convrg chk)=       0



   LOAD FACTOR =   0.1000E+01
   ***************************


             D I S P L A C E M E N T S

     NODE X-DISPL.     Y-DISPL.     Z-DISPL.     XX-ROT.      YY-ROT.      ZZ-ROT.


 MINIMUM/MAXIMUM DISPLACEMENTS

  NODE       498        11764           29            0            0            0
  MIN.  -5.19217E-03 -5.28779E-03 -1.33547E-04   0.0000       0.0000       0.0000    

  NODE      8211         8243           31            0            0            0
  MAX.   5.16305E-03  5.30353E-03  1.33745E-04   0.0000       0.0000       0.0000    

 MAXIMUM RESULTANT DISPLACEMENT

  NODE      8243
  MAX.   5.30372E-03


         R E A C T I O N   F O R C E

  TOTAL   CSYS         FX             FY             FZ
           0       -.7301E-01     0.3741E-01     0.9086E-01

 TOTAL STRAIN ENERGY. . . . . . . . . . . =  0.551454E-01



********************************************************************************
 MAXIMUM NODAL VON MISES STRESS & ERROR ESTIMATE FOR LOAD CASE   1
********************************************************************************

  NODE     19090
  MAX.     0.11898E+08



   E R R O R    E S T I M A T I O N
   (for requested elements)

   Total Strain Energy (TSE)        =  0.551454E-01
   Total Error Energy (TEE)         =  0.342929E-02
   Ave. Percentage Error (APE)      =  0.173654E+02
     ( APE =  sqrt (TEE/(TSE*2. + TEE)) * 100. )
     TIME FOR AL CONTACT (AND/OR LRG DISP) OPERATIONS (Results) . =    1340


  S O L U T I O N   T I M E   L O G   I N   S E C
            FOR PROBLEM
     TIME FOR INPUT PHASE  . . . . . . . . . . . . . . =       1
     TIME FOR CALCULATION OF STRUCTURE STIFFNESS MATRIX=      16
     TIME FOR FFEPLUS (PCG ITERATIVE) SOLVER . . . . . =     269
     TIME FOR AL CONTACT (AND/OR LARGE DISP) OPERATIONS=      17
     TIME FOR REACTION FORCE & DISP UPDATE TO POST . . =       0
     TIME FOR STRESS CALCULATION . . . . . . . . . . . =       0
     TIME FOR LOAD CASE SOLUTIONS  . . . . . . . . . . =       0
      T O T A L   S O L U T I O N   T I M E  . . . . . =     303



T O T A L   S O L U T I O N   T I M E (sec) . . . . =     303
